<?xml version="1.0" encoding="UTF-8"?>
<!-- Generated by org.testng.reporters.JUnitReportReporter -->
<testsuite hostname="LAPTOP-J88LHVI0" failures="0" tests="10" name="testNGKeywords.InvocationCount" time="0.026" errors="0" timestamp="2022-01-07T22:27:19 PST" skipped="0">
  <testcase classname="testNGKeywords.InvocationCount" name="addition" time="0.002"/>
  <system-out/>
  <testcase classname="testNGKeywords.InvocationCount" name="addition" time="0.001"/>
  <system-out/>
  <testcase classname="testNGKeywords.InvocationCount" name="addition" time="0.001"/>
  <system-out/>
  <testcase classname="testNGKeywords.InvocationCount" name="addition" time="0.002"/>
  <system-out/>
  <testcase classname="testNGKeywords.InvocationCount" name="addition" time="0.001"/>
  <system-out/>
  <testcase classname="testNGKeywords.InvocationCount" name="addition" time="0.002"/>
  <system-out/>
  <testcase classname="testNGKeywords.InvocationCount" name="addition" time="0.001"/>
  <system-out/>
  <testcase classname="testNGKeywords.InvocationCount" name="addition" time="0.001"/>
  <system-out/>
  <testcase classname="testNGKeywords.InvocationCount" name="addition" time="0.005"/>
  <system-out/>
  <testcase classname="testNGKeywords.InvocationCount" name="addition" time="0.010"/>
  <system-out/>
</testsuite> <!-- testNGKeywords.InvocationCount -->
