<?xml version="1.0" encoding="UTF-8"?>
<!-- Generated by org.testng.reporters.JUnitReportReporter -->
<testsuite hostname="LAPTOP-J88LHVI0" failures="0" tests="3" name="testNGPackage.AnnotationsAndKeyword" time="31.141" errors="0" timestamp="2022-01-07T21:06:49 PST" skipped="0">
  <testcase classname="testNGPackage.AnnotationsAndKeyword" name="verifyActitimeLogo" time="10.412"/>
  <system-out/>
  <testcase classname="testNGPackage.AnnotationsAndKeyword" name="verifyTaskTab" time="9.368"/>
  <system-out/>
  <testcase classname="testNGPackage.AnnotationsAndKeyword" name="verifyLogoutLink" time="11.361"/>
  <system-out/>
</testsuite> <!-- testNGPackage.AnnotationsAndKeyword -->
