<?xml version="1.0" encoding="UTF-8"?>
<!-- Generated by org.testng.reporters.JUnitReportReporter -->
<testsuite hostname="LAPTOP-J88LHVI0" failures="0" tests="2" name="forTestClasses.AppTest" time="0.015" errors="0" timestamp="2022-01-07T17:24:07 PST" skipped="0">
  <testcase classname="forTestClasses.AppTest" name="test1" time="0.008"/>
  <system-out/>
  <testcase classname="forTestClasses.AppTest" name="test2" time="0.007"/>
  <system-out/>
</testsuite> <!-- forTestClasses.AppTest -->
