<?xml version="1.0" encoding="UTF-8"?>
<!-- Generated by org.testng.reporters.JUnitReportReporter -->
<testsuite hostname="LAPTOP-J88LHVI0" failures="0" tests="1" name="testNGKeywords.ExpectedException" time="0.009" errors="0" timestamp="2022-01-07T22:29:50 PST" skipped="0">
  <testcase classname="testNGKeywords.ExpectedException" name="myMethod" time="0.009"/>
  <system-out/>
</testsuite> <!-- testNGKeywords.ExpectedException -->
